<?xml version="1.0" encoding="UTF-8"?>
<!-- Generated by org.testng.reporters.JUnitReportReporter -->
<testsuite hostname="AMDN6399" failures="0" tests="3" name="PostmanCloudTests" time="12.492" errors="0" timestamp="2025-01-31T10:42:05 CET" skipped="0">
  <testcase classname="PostmanCloudTests" name="postLoginWithCorrectCredentials" time="5.272"/>
  <testcase classname="PostmanCloudTests" name="postLoginWithWrongCredentials" time="3.478"/>
  <testcase classname="PostmanCloudTests" name="postLoginWithDigestCorrectCredentials" time="3.742"/>
</testsuite> <!-- PostmanCloudTests -->
